<?xml version="1.0" encoding="UTF-8"?>
<!-- Generated by org.testng.reporters.JUnitReportReporter -->
<testsuite hostname="LAP-0301" failures="0" tests="4" name="com.dentscribe.testCases.DS_019_ChangePassword" time="61.214" errors="0" timestamp="2023-12-08T13:06:44 IST" skipped="0">
  <testcase classname="com.dentscribe.testCases.DS_019_ChangePassword" name="verifyChangePasswordWithInvalidCurrentPassword" time="37.763"/>
  <system-out/>
  <testcase classname="com.dentscribe.testCases.DS_019_ChangePassword" name="verifyNewPasswordWeakValidation" time="2.784"/>
  <system-out/>
  <testcase classname="com.dentscribe.testCases.DS_019_ChangePassword" name="verifyChangePasswordAndUserShouldLogout" time="7.314"/>
  <system-out/>
  <testcase classname="com.dentscribe.testCases.DS_019_ChangePassword" name="verifyLoginWithBothOldNewPassword" time="13.353"/>
  <system-out/>
</testsuite> <!-- com.dentscribe.testCases.DS_019_ChangePassword -->
