<?xml version="1.0" encoding="UTF-8"?>
<!-- Generated by org.testng.reporters.JUnitReportReporter -->
<testsuite hostname="LAP-0301" failures="0" tests="9" name="com.dentscribe.testCases.DS_001_008_030_LoginSmsVerificationTest" time="104.969" errors="0" timestamp="2023-12-06T12:38:43 IST" skipped="0">
  <testcase classname="com.dentscribe.testCases.DS_001_008_030_LoginSmsVerificationTest" name="verifyHomePage" time="2.544"/>
  <system-out/>
  <testcase classname="com.dentscribe.testCases.DS_001_008_030_LoginSmsVerificationTest" name="verifyLoginPageWithoutMandatoryFields" time="1.433"/>
  <system-out/>
  <testcase classname="com.dentscribe.testCases.DS_001_008_030_LoginSmsVerificationTest" name="verifyLoginWithNonRegisteredUser" time="7.760"/>
  <system-out/>
  <testcase classname="com.dentscribe.testCases.DS_001_008_030_LoginSmsVerificationTest" name="verifyLoginWithInvalidUsernameOrPassword" time="16.152"/>
  <system-out/>
  <testcase classname="com.dentscribe.testCases.DS_001_008_030_LoginSmsVerificationTest" name="verifyLoginWithThreeInvalidAttempts" time="23.084"/>
  <system-out/>
  <testcase classname="com.dentscribe.testCases.DS_001_008_030_LoginSmsVerificationTest" name="verifyLoginWithValidUsernamePassword" time="15.553"/>
  <system-out/>
  <testcase classname="com.dentscribe.testCases.DS_001_008_030_LoginSmsVerificationTest" name="verifyBlankInvalidOtp" time="11.880"/>
  <system-out/>
  <testcase classname="com.dentscribe.testCases.DS_001_008_030_LoginSmsVerificationTest" name="verifyResendLinkCodeAndBackIcon" time="11.163"/>
  <system-out/>
  <testcase classname="com.dentscribe.testCases.DS_001_008_030_LoginSmsVerificationTest" name="verifySmsVerificationWithValidOTP" time="15.400"/>
  <system-out/>
</testsuite> <!-- com.dentscribe.testCases.DS_001_008_030_LoginSmsVerificationTest -->
