<?xml version="1.0" encoding="UTF-8"?>
<!-- Generated by org.testng.reporters.JUnitReportReporter -->
<testsuite hostname="LAP-0301" failures="0" tests="3" name="com.dentscribe.testCases.DS_005_SignupAndLoginWithoutPractice" time="124.163" errors="0" timestamp="2023-12-08T13:06:44 IST" skipped="0">
  <testcase classname="com.dentscribe.testCases.DS_005_SignupAndLoginWithoutPractice" name="verifyWishToContinuePopupBackButton" time="73.705"/>
  <system-out/>
  <testcase classname="com.dentscribe.testCases.DS_005_SignupAndLoginWithoutPractice" name="verifyPracticeInfoMandatoryFields" time="37.958"/>
  <system-out/>
  <testcase classname="com.dentscribe.testCases.DS_005_SignupAndLoginWithoutPractice" name="verifyLoginWithoutRegisterPractice" time="12.500"/>
  <system-out/>
</testsuite> <!-- com.dentscribe.testCases.DS_005_SignupAndLoginWithoutPractice -->
