<?xml version="1.0" encoding="UTF-8"?>
<!-- Generated by org.testng.reporters.JUnitReportReporter -->
<testsuite hostname="LAP-0301" failures="1" tests="9" name="com.dentscribe.testCases.TestAllAppointmentStatuses" time="140.652" errors="0" timestamp="2023-12-29T19:06:45 IST" skipped="4">
  <testcase classname="com.dentscribe.testCases.TestAllAppointmentStatuses" name="goToCalendarPageAndSelectAppointmentDate" time="53.706"/>
  <system-out/>
  <testcase classname="com.dentscribe.testCases.TestAllAppointmentStatuses" name="verifyIsPatientPopupAppearingOnStartButtonClick" time="16.728"/>
  <system-out/>
  <testcase classname="com.dentscribe.testCases.TestAllAppointmentStatuses" name="verifyStartRecordingButtonOnPatientDetailsPopupAndClick" time="11.919"/>
  <system-out/>
  <testcase classname="com.dentscribe.testCases.TestAllAppointmentStatuses" name="verifyIsAppointmentStatusContinueAfterPauseRecording" time="37.789"/>
  <system-out/>
  <testcase classname="com.dentscribe.testCases.TestAllAppointmentStatuses" name="verifyIsPatientPopupAppearingOnContinueButtonClick" time="20.510">
    <failure message="null" type="java.lang.AssertionError">
      <![CDATA[java.lang.AssertionError: null
at org.testng.Assert.fail(Assert.java:99)
at org.testng.Assert.fail(Assert.java:106)
at com.dentscribe.pages.CalendarPage.clickVerifyPatientAppointmentButton(CalendarPage.java:321)
at com.dentscribe.testCases.TestAllAppointmentStatuses.verifyIsPatientPopupAppearingOnContinueButtonClick(TestAllAppointmentStatuses.java:77)
at java.base/jdk.internal.reflect.NativeMethodAccessorImpl.invoke0(Native Method)
at java.base/jdk.internal.reflect.NativeMethodAccessorImpl.invoke(NativeMethodAccessorImpl.java:77)
at java.base/jdk.internal.reflect.DelegatingMethodAccessorImpl.invoke(DelegatingMethodAccessorImpl.java:43)
at java.base/java.lang.reflect.Method.invoke(Method.java:568)
at org.testng.internal.MethodInvocationHelper.invokeMethod(MethodInvocationHelper.java:133)
at org.testng.internal.TestInvoker.invokeMethod(TestInvoker.java:598)
at org.testng.internal.TestInvoker.invokeTestMethod(TestInvoker.java:173)
at org.testng.internal.MethodRunner.runInSequence(MethodRunner.java:46)
at org.testng.internal.TestInvoker$MethodInvocationAgent.invoke(TestInvoker.java:824)
at org.testng.internal.TestInvoker.invokeTestMethods(TestInvoker.java:146)
at org.testng.internal.TestMethodWorker.invokeTestMethods(TestMethodWorker.java:146)
at org.testng.internal.TestMethodWorker.run(TestMethodWorker.java:128)
at java.base/java.util.ArrayList.forEach(ArrayList.java:1511)
at org.testng.TestRunner.privateRun(TestRunner.java:794)
at org.testng.TestRunner.run(TestRunner.java:596)
at org.testng.SuiteRunner.runTest(SuiteRunner.java:377)
at org.testng.SuiteRunner.runSequentially(SuiteRunner.java:371)
at org.testng.SuiteRunner.privateRun(SuiteRunner.java:332)
at org.testng.SuiteRunner.run(SuiteRunner.java:276)
at org.testng.SuiteRunnerWorker.runSuite(SuiteRunnerWorker.java:53)
at org.testng.SuiteRunnerWorker.run(SuiteRunnerWorker.java:96)
at org.testng.TestNG.runSuitesSequentially(TestNG.java:1212)
at org.testng.TestNG.runSuitesLocally(TestNG.java:1134)
at org.testng.TestNG.runSuites(TestNG.java:1063)
at org.testng.TestNG.run(TestNG.java:1031)
at org.testng.remote.AbstractRemoteTestNG.run(AbstractRemoteTestNG.java:115)
at org.testng.remote.RemoteTestNG.initAndRun(RemoteTestNG.java:251)
at org.testng.remote.RemoteTestNG.main(RemoteTestNG.java:77)
]]>
    </failure>
  </testcase> <!-- verifyIsPatientPopupAppearingOnContinueButtonClick -->
  <system-out/>
  <testcase classname="com.dentscribe.testCases.TestAllAppointmentStatuses" name="verifyContinueRecordingButtonOnPatientDetailsPopupAndClick" time="0.000">
    <skipped/>
  </testcase> <!-- verifyContinueRecordingButtonOnPatientDetailsPopupAndClick -->
  <system-out/>
  <testcase classname="com.dentscribe.testCases.TestAllAppointmentStatuses" name="verifyIsAppointmentStatusReviewAfterStopRecording" time="0.000">
    <skipped/>
  </testcase> <!-- verifyIsAppointmentStatusReviewAfterStopRecording -->
  <system-out/>
  <testcase classname="com.dentscribe.testCases.TestAllAppointmentStatuses" name="addSignatureInSoapReportAndSubmit" time="0.000">
    <skipped/>
  </testcase> <!-- addSignatureInSoapReportAndSubmit -->
  <system-out/>
  <testcase classname="com.dentscribe.testCases.TestAllAppointmentStatuses" name="verifyIsAppointmentStatusReviewedAndSoapReportAfterClickIt" time="0.000">
    <skipped/>
  </testcase> <!-- verifyIsAppointmentStatusReviewedAndSoapReportAfterClickIt -->
  <system-out/>
</testsuite> <!-- com.dentscribe.testCases.TestAllAppointmentStatuses -->
