<?xml version="1.0" encoding="UTF-8"?>
<!-- Generated by org.testng.reporters.JUnitReportReporter -->
<testsuite hostname="LAP-0301" failures="0" tests="6" name="com.dentscribe.testCases.TestCreateUserTakeFreePlanAndBuyPaidPlan" time="408.844" errors="0" timestamp="2023-12-21T14:38:11 IST" skipped="0">
  <testcase classname="com.dentscribe.testCases.TestCreateUserTakeFreePlanAndBuyPaidPlan" name="createNewUserAndGoToManageSubscriptionPage" time="321.730"/>
  <system-out/>
  <testcase classname="com.dentscribe.testCases.TestCreateUserTakeFreePlanAndBuyPaidPlan" name="verifyIsAddPaymentMethodPageExists" time="3.172"/>
  <system-out/>
  <testcase classname="com.dentscribe.testCases.TestCreateUserTakeFreePlanAndBuyPaidPlan" name="verifyAddPaymentMethodMandatoryFields" time="39.311"/>
  <system-out/>
  <testcase classname="com.dentscribe.testCases.TestCreateUserTakeFreePlanAndBuyPaidPlan" name="verifyBackIconAddPaymentMethodPage" time="2.498"/>
  <system-out/>
  <testcase classname="com.dentscribe.testCases.TestCreateUserTakeFreePlanAndBuyPaidPlan" name="verifyCanUserTake30DaysFreeTrialPlan" time="14.812"/>
  <system-out/>
  <testcase classname="com.dentscribe.testCases.TestCreateUserTakeFreePlanAndBuyPaidPlan" name="verifyCanUserBuyPaidPlanAfterFreeTrialPlan" time="27.321"/>
  <system-out/>
</testsuite> <!-- com.dentscribe.testCases.TestCreateUserTakeFreePlanAndBuyPaidPlan -->
