<?xml version="1.0" encoding="UTF-8"?>
<!-- Generated by org.testng.reporters.JUnitReportReporter -->
<testsuite hostname="LAP-0301" failures="0" tests="1" name="com.dentscribe.testCases.DS_004_SmsVerificationTest" time="118.579" errors="0" timestamp="2023-11-03T11:29:13 IST" skipped="0">
  <testcase classname="com.dentscribe.testCases.DS_004_SmsVerificationTest" name="validateSMSscreenTest" time="118.579"/>
  <system-out/>
</testsuite> <!-- com.dentscribe.testCases.DS_004_SmsVerificationTest -->
