<?xml version="1.0" encoding="UTF-8"?>
<!-- Generated by org.testng.reporters.JUnitReportReporter -->
<testsuite hostname="LAP-0301" failures="0" tests="5" name="com.dentscribe.testCases.TestSignupAndLoginWithoutRegisterPractice" time="89.024" errors="0" timestamp="2024-01-04T19:32:46 IST" skipped="0">
  <testcase classname="com.dentscribe.testCases.TestSignupAndLoginWithoutRegisterPractice" name="verifySignupWithNonSupportedPMS" time="66.165"/>
  <system-out/>
  <testcase classname="com.dentscribe.testCases.TestSignupAndLoginWithoutRegisterPractice" name="verifySignupWithSupportedPMS" time="5.034"/>
  <system-out/>
  <testcase classname="com.dentscribe.testCases.TestSignupAndLoginWithoutRegisterPractice" name="verifyWishToContinuePopupBackButton" time="1.021"/>
  <system-out/>
  <testcase classname="com.dentscribe.testCases.TestSignupAndLoginWithoutRegisterPractice" name="verifyPracticeInfoMandatoryFields" time="9.722"/>
  <system-out/>
  <testcase classname="com.dentscribe.testCases.TestSignupAndLoginWithoutRegisterPractice" name="verifyLoginWithoutRegisterPractice" time="7.082"/>
  <system-out/>
</testsuite> <!-- com.dentscribe.testCases.TestSignupAndLoginWithoutRegisterPractice -->
