<?xml version="1.0" encoding="UTF-8"?>
<!-- Generated by org.testng.reporters.JUnitReportReporter -->
<testsuite hostname="LAP-0301" failures="0" tests="8" name="com.dentscribe.testCases.TestSignUpPage" time="241.294" errors="0" timestamp="2024-01-04T19:32:46 IST" skipped="0">
  <testcase classname="com.dentscribe.testCases.TestSignUpPage" name="verifyIsSignupPageExists" time="2.801"/>
  <system-out/>
  <testcase classname="com.dentscribe.testCases.TestSignUpPage" name="verifySignupWithoutMandatoryFields" time="44.670"/>
  <system-out/>
  <testcase classname="com.dentscribe.testCases.TestSignUpPage" name="verifySignupPageForInvalidEmail" time="12.822"/>
  <system-out/>
  <testcase classname="com.dentscribe.testCases.TestSignUpPage" name="verifySignupPageForWeakPassword" time="12.719"/>
  <system-out/>
  <testcase classname="com.dentscribe.testCases.TestSignUpPage" name="verifySignupPageForConfirmPassowrd" time="16.727"/>
  <system-out/>
  <testcase classname="com.dentscribe.testCases.TestSignUpPage" name="verifyExistingAndDuplicateEmailId" time="81.999"/>
  <system-out/>
  <testcase classname="com.dentscribe.testCases.TestSignUpPage" name="verifySignupWithOnlyMandatoryFields" time="63.997"/>
  <system-out/>
  <testcase classname="com.dentscribe.testCases.TestSignUpPage" name="verifySignupConfirmationPopupButtons" time="5.559"/>
  <system-out/>
</testsuite> <!-- com.dentscribe.testCases.TestSignUpPage -->
