<?xml version="1.0" encoding="UTF-8"?>
<!-- Generated by org.testng.reporters.JUnitReportReporter -->
<testsuite hostname="LAP-0301" failures="0" tests="9" name="com.dentscribe.testCases.TestAllAppointmentStatuses" time="360.568" errors="0" timestamp="2024-01-02T18:12:47 IST" skipped="0">
  <testcase classname="com.dentscribe.testCases.TestAllAppointmentStatuses" name="goToCalendarPageAndSelectAppointmentDate" time="98.374"/>
  <system-out/>
  <testcase classname="com.dentscribe.testCases.TestAllAppointmentStatuses" name="verifyIsPatientPopupAppearingOnStartButtonClick" time="23.747"/>
  <system-out/>
  <testcase classname="com.dentscribe.testCases.TestAllAppointmentStatuses" name="verifyStartRecordingButtonOnPatientDetailsPopupAndClick" time="11.921"/>
  <system-out/>
  <testcase classname="com.dentscribe.testCases.TestAllAppointmentStatuses" name="verifyIsAppointmentStatusContinueAfterPauseRecording" time="37.798"/>
  <system-out/>
  <testcase classname="com.dentscribe.testCases.TestAllAppointmentStatuses" name="verifyIsPatientPopupAppearingOnContinueButtonClick" time="16.096"/>
  <system-out/>
  <testcase classname="com.dentscribe.testCases.TestAllAppointmentStatuses" name="verifyContinueRecordingButtonOnPatientDetailsPopupAndClick" time="16.220"/>
  <system-out/>
  <testcase classname="com.dentscribe.testCases.TestAllAppointmentStatuses" name="verifyIsAppointmentStatusReviewAfterStopRecording" time="67.819"/>
  <system-out/>
  <testcase classname="com.dentscribe.testCases.TestAllAppointmentStatuses" name="addSignatureInSoapReportAndSubmit" time="71.855"/>
  <system-out/>
  <testcase classname="com.dentscribe.testCases.TestAllAppointmentStatuses" name="verifyIsAppointmentStatusReviewedAndSoapReportAfterClickIt" time="16.738"/>
  <system-out/>
</testsuite> <!-- com.dentscribe.testCases.TestAllAppointmentStatuses -->
