<?xml version="1.0" encoding="UTF-8"?>
<!-- Generated by org.testng.reporters.JUnitReportReporter -->
<testsuite hostname="LAP-0301" failures="0" tests="5" name="com.dentscribe.testCases.TestSignupAndLoginWithoutRegisterPractice" time="93.341" errors="0" timestamp="2023-12-26T12:51:00 IST" skipped="0">
  <testcase classname="com.dentscribe.testCases.TestSignupAndLoginWithoutRegisterPractice" name="verifySignupWithNonSupportedPMS" time="68.050"/>
  <system-out/>
  <testcase classname="com.dentscribe.testCases.TestSignupAndLoginWithoutRegisterPractice" name="verifySignupWithSupportedPMS" time="4.879"/>
  <system-out/>
  <testcase classname="com.dentscribe.testCases.TestSignupAndLoginWithoutRegisterPractice" name="verifyWishToContinuePopupBackButton" time="1.048"/>
  <system-out/>
  <testcase classname="com.dentscribe.testCases.TestSignupAndLoginWithoutRegisterPractice" name="verifyPracticeInfoMandatoryFields" time="13.274"/>
  <system-out/>
  <testcase classname="com.dentscribe.testCases.TestSignupAndLoginWithoutRegisterPractice" name="verifyLoginWithoutRegisterPractice" time="6.090"/>
  <system-out/>
</testsuite> <!-- com.dentscribe.testCases.TestSignupAndLoginWithoutRegisterPractice -->
