<?xml version="1.0" encoding="UTF-8"?>
<!-- Generated by org.testng.reporters.JUnitReportReporter -->
<testsuite hostname="LAP-0301" failures="0" tests="10" name="com.dentscribe.testCases.TestSettingsPage" time="187.886" errors="0" timestamp="2023-12-27T17:06:42 IST" skipped="0">
  <testcase classname="com.dentscribe.testCases.TestSettingsPage" name="verifyIsSettingsPageExists" time="29.473"/>
  <system-out/>
  <testcase classname="com.dentscribe.testCases.TestSettingsPage" name="verifyBackIconSettingsPage" time="5.934"/>
  <system-out/>
  <testcase classname="com.dentscribe.testCases.TestSettingsPage" name="verifyPushNotificationsSwitch" time="21.468"/>
  <system-out/>
  <testcase classname="com.dentscribe.testCases.TestSettingsPage" name="verifySmsNotificationsSwitch" time="17.270"/>
  <system-out/>
  <testcase classname="com.dentscribe.testCases.TestSettingsPage" name="verifyEmailNotificationsSwitch" time="17.424"/>
  <system-out/>
  <testcase classname="com.dentscribe.testCases.TestSettingsPage" name="verifyAccountInfoUpdate" time="25.594"/>
  <system-out/>
  <testcase classname="com.dentscribe.testCases.TestSettingsPage" name="verifyPracticeUpdate" time="43.274"/>
  <system-out/>
  <testcase classname="com.dentscribe.testCases.TestSettingsPage" name="verifyHelpOptionsSettingsPage" time="16.293"/>
  <system-out/>
  <testcase classname="com.dentscribe.testCases.TestSettingsPage" name="verifyFAQsInHelpPage" time="7.833"/>
  <system-out/>
  <testcase classname="com.dentscribe.testCases.TestSettingsPage" name="verifyLogout" time="3.323"/>
  <system-out/>
</testsuite> <!-- com.dentscribe.testCases.TestSettingsPage -->
