<?xml version="1.0" encoding="UTF-8"?>
<!-- Generated by org.testng.reporters.JUnitReportReporter -->
<testsuite hostname="LAP-0301" failures="0" tests="9" name="com.dentscribe.testCases.TestAllAppointmentStatuses" time="501.487" errors="0" timestamp="2024-01-04T19:32:45 IST" skipped="0">
  <testcase classname="com.dentscribe.testCases.TestAllAppointmentStatuses" name="goToCalendarPageAndSelectAppointmentDate" time="81.202"/>
  <system-out/>
  <testcase classname="com.dentscribe.testCases.TestAllAppointmentStatuses" name="verifyIsPatientPopupAppearingOnStartButtonClick" time="11.432"/>
  <system-out/>
  <testcase classname="com.dentscribe.testCases.TestAllAppointmentStatuses" name="verifyStartRecordingButtonOnPatientDetailsPopupAndClick" time="13.538"/>
  <system-out/>
  <testcase classname="com.dentscribe.testCases.TestAllAppointmentStatuses" name="verifyIsAppointmentStatusContinueAfterPauseRecording" time="52.251"/>
  <system-out/>
  <testcase classname="com.dentscribe.testCases.TestAllAppointmentStatuses" name="verifyIsPatientPopupAppearingOnContinueButtonClick" time="10.965"/>
  <system-out/>
  <testcase classname="com.dentscribe.testCases.TestAllAppointmentStatuses" name="verifyContinueRecordingButtonOnPatientDetailsPopupAndClick" time="15.886"/>
  <system-out/>
  <testcase classname="com.dentscribe.testCases.TestAllAppointmentStatuses" name="verifyIsAppointmentStatusReviewAfterStopRecording" time="227.210"/>
  <system-out/>
  <testcase classname="com.dentscribe.testCases.TestAllAppointmentStatuses" name="addSignatureInSoapReportAndSubmit" time="72.287"/>
  <system-out/>
  <testcase classname="com.dentscribe.testCases.TestAllAppointmentStatuses" name="verifyIsAppointmentStatusReviewedAndSoapReportAfterClickIt" time="16.716"/>
  <system-out/>
</testsuite> <!-- com.dentscribe.testCases.TestAllAppointmentStatuses -->
