<?xml version="1.0" encoding="UTF-8"?>
<!-- Generated by org.testng.reporters.JUnitReportReporter -->
<testsuite hostname="LAP-0301" failures="0" tests="7" name="com.dentscribe.testCases.TestFeedbackAndNewFeedbackPages" time="54.649" errors="0" timestamp="2024-01-04T19:32:46 IST" skipped="0">
  <testcase classname="com.dentscribe.testCases.TestFeedbackAndNewFeedbackPages" name="verifyIsFeedbackPageExists" time="28.456"/>
  <system-out/>
  <testcase classname="com.dentscribe.testCases.TestFeedbackAndNewFeedbackPages" name="verifyIsExpectedFieldsExistsOnFeedbackPage" time="5.504"/>
  <system-out/>
  <testcase classname="com.dentscribe.testCases.TestFeedbackAndNewFeedbackPages" name="verifyIsNewFeedbackPageExists" time="1.073"/>
  <system-out/>
  <testcase classname="com.dentscribe.testCases.TestFeedbackAndNewFeedbackPages" name="verifyIsExpectedFieldsExistsOnNewFeedbackPage" time="0.629"/>
  <system-out/>
  <testcase classname="com.dentscribe.testCases.TestFeedbackAndNewFeedbackPages" name="verifyBackIconNewFeedbackPage" time="1.543"/>
  <system-out/>
  <testcase classname="com.dentscribe.testCases.TestFeedbackAndNewFeedbackPages" name="createNewFeedbackAndVerify" time="15.853"/>
  <system-out/>
  <testcase classname="com.dentscribe.testCases.TestFeedbackAndNewFeedbackPages" name="verifyBackIconFeedbackPage" time="1.591"/>
  <system-out/>
</testsuite> <!-- com.dentscribe.testCases.TestFeedbackAndNewFeedbackPages -->
