<?xml version="1.0" encoding="UTF-8"?>
<!-- Generated by org.testng.reporters.JUnitReportReporter -->
<testsuite hostname="LAP-0301" failures="0" tests="9" name="com.dentscribe.testCases.TestSoapReportAndPatientProfilePage" time="494.690" errors="0" timestamp="2023-12-29T18:31:23 IST" skipped="0">
  <testcase classname="com.dentscribe.testCases.TestSoapReportAndPatientProfilePage" name="verifyIsRecordingPageOpenedForExpectedPatient" time="80.435"/>
  <system-out/>
  <testcase classname="com.dentscribe.testCases.TestSoapReportAndPatientProfilePage" name="verifyBackIconRecordingPage" time="29.852"/>
  <system-out/>
  <testcase classname="com.dentscribe.testCases.TestSoapReportAndPatientProfilePage" name="verifyIsSoapReportCreated" time="278.277"/>
  <system-out/>
  <testcase classname="com.dentscribe.testCases.TestSoapReportAndPatientProfilePage" name="verifyEditIconSoapReport" time="0.564"/>
  <system-out/>
  <testcase classname="com.dentscribe.testCases.TestSoapReportAndPatientProfilePage" name="verifyEditSoapReportAndAddSignatureDuringEditableReport" time="20.004"/>
  <system-out/>
  <testcase classname="com.dentscribe.testCases.TestSoapReportAndPatientProfilePage" name="updateUserDetailsAndVerifySame" time="22.819"/>
  <system-out/>
  <testcase classname="com.dentscribe.testCases.TestSoapReportAndPatientProfilePage" name="verifyBackIconSoapReport" time="3.046"/>
  <system-out/>
  <testcase classname="com.dentscribe.testCases.TestSoapReportAndPatientProfilePage" name="verifyPatientProfilePage" time="43.815"/>
  <system-out/>
  <testcase classname="com.dentscribe.testCases.TestSoapReportAndPatientProfilePage" name="verifyBackIconPatientProfilePage" time="15.878"/>
  <system-out/>
</testsuite> <!-- com.dentscribe.testCases.TestSoapReportAndPatientProfilePage -->
