<?xml version="1.0" encoding="UTF-8"?>
<!-- Generated by org.testng.reporters.JUnitReportReporter -->
<testsuite hostname="LAP-0301" failures="0" tests="1" name="com.dentscribe.testCases.DS_004_SignupSmsVerificationTest" time="92.911" errors="0" timestamp="2023-12-06T12:51:35 IST" skipped="0">
  <testcase classname="com.dentscribe.testCases.DS_004_SignupSmsVerificationTest" name="validateSMSscreenTest" time="92.911"/>
  <system-out/>
</testsuite> <!-- com.dentscribe.testCases.DS_004_SignupSmsVerificationTest -->
