<?xml version="1.0" encoding="UTF-8"?>
<!-- Generated by org.testng.reporters.JUnitReportReporter -->
<testsuite hostname="LAP-0301" failures="0" tests="1" name="com.dentscribe.testCases.DS_017_018_SearchPatientTest" time="127.337" errors="0" timestamp="2023-11-21T11:19:28 IST" skipped="0">
  <testcase classname="com.dentscribe.testCases.DS_017_018_SearchPatientTest" name="searchPatient" time="127.337"/>
  <system-out/>
</testsuite> <!-- com.dentscribe.testCases.DS_017_018_SearchPatientTest -->
