<?xml version="1.0" encoding="UTF-8"?>
<!-- Generated by org.testng.reporters.JUnitReportReporter -->
<testsuite hostname="LAP-0301" failures="0" tests="8" name="com.dentscribe.testCases.DS_028_SettingPageTest" time="164.528" errors="0" timestamp="2023-12-04T18:36:08 IST" skipped="0">
  <testcase classname="com.dentscribe.testCases.DS_028_SettingPageTest" name="verifyIsSettingsPageExists" time="32.432"/>
  <system-out/>
  <testcase classname="com.dentscribe.testCases.DS_028_SettingPageTest" name="verifyBackIconSettingsPage" time="7.975"/>
  <system-out/>
  <testcase classname="com.dentscribe.testCases.DS_028_SettingPageTest" name="verifyIsBothHelpOptionsWorkingAsExpected" time="5.162"/>
  <system-out/>
  <testcase classname="com.dentscribe.testCases.DS_028_SettingPageTest" name="verifyPushNotificationSwitch" time="20.251"/>
  <system-out/>
  <testcase classname="com.dentscribe.testCases.DS_028_SettingPageTest" name="verifySmsNotificationSwitch" time="16.396"/>
  <system-out/>
  <testcase classname="com.dentscribe.testCases.DS_028_SettingPageTest" name="verifyEmailNotificationSwitch" time="16.368"/>
  <system-out/>
  <testcase classname="com.dentscribe.testCases.DS_028_SettingPageTest" name="verifyAccountInfoUpdate" time="25.557"/>
  <system-out/>
  <testcase classname="com.dentscribe.testCases.DS_028_SettingPageTest" name="verifyPracticeInfoUpdate" time="40.387"/>
  <system-out/>
</testsuite> <!-- com.dentscribe.testCases.DS_028_SettingPageTest -->
