<?xml version="1.0" encoding="UTF-8"?>
<!-- Generated by org.testng.reporters.JUnitReportReporter -->
<testsuite hostname="LAP-0301" failures="0" tests="9" name="com.dentscribe.testCases.TestAllAppointmentStatuses" time="223.722" errors="0" timestamp="2023-12-19T17:54:57 IST" skipped="0">
  <testcase classname="com.dentscribe.testCases.TestAllAppointmentStatuses" name="goToCalendarPageAndSelectAppointmentDate" time="54.987"/>
  <system-out/>
  <testcase classname="com.dentscribe.testCases.TestAllAppointmentStatuses" name="verifyIsPatientPopupAppearingOnStartButtonClick" time="11.460"/>
  <system-out/>
  <testcase classname="com.dentscribe.testCases.TestAllAppointmentStatuses" name="verifyStartRecordingButtonOnPatientDetailsPopupAndClick" time="11.258"/>
  <system-out/>
  <testcase classname="com.dentscribe.testCases.TestAllAppointmentStatuses" name="verifyIsAppointmentStatusContinueAfterPauseRecording" time="35.537"/>
  <system-out/>
  <testcase classname="com.dentscribe.testCases.TestAllAppointmentStatuses" name="verifyIsPatientPopupAppearingOnContinueButtonClick" time="1.389"/>
  <system-out/>
  <testcase classname="com.dentscribe.testCases.TestAllAppointmentStatuses" name="verifyContinueRecordingButtonOnPatientDetailsPopupAndClick" time="15.880"/>
  <system-out/>
  <testcase classname="com.dentscribe.testCases.TestAllAppointmentStatuses" name="verifyIsAppointmentStatusReviewAfterStopRecording" time="56.323"/>
  <system-out/>
  <testcase classname="com.dentscribe.testCases.TestAllAppointmentStatuses" name="addSignatureInSoapReportAndSubmit" time="34.457"/>
  <system-out/>
  <testcase classname="com.dentscribe.testCases.TestAllAppointmentStatuses" name="verifyIsAppointmentStatusReviewedAndSoapReportAfterClickIt" time="2.431"/>
  <system-out/>
</testsuite> <!-- com.dentscribe.testCases.TestAllAppointmentStatuses -->
