<?xml version="1.0" encoding="UTF-8"?>
<!-- Generated by org.testng.reporters.JUnitReportReporter -->
<testsuite hostname="LAP-0301" failures="0" tests="1" name="org.dentscribe.utils.Testing" time="10.076" errors="0" timestamp="2023-09-26T17:40:40 IST" skipped="0">
  <testcase classname="org.dentscribe.utils.Testing" name="recording" time="10.076"/>
  <system-out/>
</testsuite> <!-- org.dentscribe.utils.Testing -->
