<?xml version="1.0" encoding="UTF-8"?>
<!-- Generated by org.testng.reporters.JUnitReportReporter -->
<testsuite hostname="LAP-0301" failures="0" tests="1" name="com.dentscribe.testCases.DS_005_SignupUserTest" time="104.485" errors="0" timestamp="2023-11-03T11:29:14 IST" skipped="0">
  <testcase classname="com.dentscribe.testCases.DS_005_SignupUserTest" name="signupWithoutPracticeForm" time="104.485"/>
  <system-out/>
</testsuite> <!-- com.dentscribe.testCases.DS_005_SignupUserTest -->
