<?xml version="1.0" encoding="UTF-8"?>
<!-- Generated by org.testng.reporters.JUnitReportReporter -->
<testsuite hostname="LAP-0301" failures="0" tests="7" name="com.dentscribe.testCases.DS_006_009_010_013_014_015_PracticeInfoTestForExistingSikkaUserAndBuPaidPlan" time="466.788" errors="0" timestamp="2023-12-08T13:06:44 IST" skipped="0">
  <testcase classname="com.dentscribe.testCases.DS_006_009_010_013_014_015_PracticeInfoTestForExistingSikkaUserAndBuPaidPlan" name="signupNewUserTest" time="82.525"/>
  <system-out/>
  <testcase classname="com.dentscribe.testCases.DS_006_009_010_013_014_015_PracticeInfoTestForExistingSikkaUserAndBuPaidPlan" name="practiceInfoTest" time="76.294"/>
  <system-out/>
  <testcase classname="com.dentscribe.testCases.DS_006_009_010_013_014_015_PracticeInfoTestForExistingSikkaUserAndBuPaidPlan" name="verifyWebviewAndRegisterUser" time="205.605"/>
  <system-out/>
  <testcase classname="com.dentscribe.testCases.DS_006_009_010_013_014_015_PracticeInfoTestForExistingSikkaUserAndBuPaidPlan" name="verifyEulaAgreementPagewAndAccept" time="30.163"/>
  <system-out/>
  <testcase classname="com.dentscribe.testCases.DS_006_009_010_013_014_015_PracticeInfoTestForExistingSikkaUserAndBuPaidPlan" name="verifyUserCanBuyPaidPlan" time="30.656"/>
  <system-out/>
  <testcase classname="com.dentscribe.testCases.DS_006_009_010_013_014_015_PracticeInfoTestForExistingSikkaUserAndBuPaidPlan" name="verifyUserCanCancelSubscription" time="34.297"/>
  <system-out/>
  <testcase classname="com.dentscribe.testCases.DS_006_009_010_013_014_015_PracticeInfoTestForExistingSikkaUserAndBuPaidPlan" name="verifyUserCarBuyPaidPlanAfterCancelOnce" time="7.248"/>
  <system-out/>
</testsuite> <!-- com.dentscribe.testCases.DS_006_009_010_013_014_015_PracticeInfoTestForExistingSikkaUserAndBuPaidPlan -->
