<?xml version="1.0" encoding="UTF-8"?>
<!-- Generated by org.testng.reporters.JUnitReportReporter -->
<testsuite hostname="LAP-0301" failures="0" tests="6" name="com.dentscribe.testCases.TestLoginPage" time="57.105" errors="0" timestamp="2024-01-04T19:32:46 IST" skipped="0">
  <testcase classname="com.dentscribe.testCases.TestLoginPage" name="verifyIsLoginPageExistsAndItsFields" time="2.409"/>
  <system-out/>
  <testcase classname="com.dentscribe.testCases.TestLoginPage" name="verifyLoginWithoutMandatoryFields" time="1.190"/>
  <system-out/>
  <testcase classname="com.dentscribe.testCases.TestLoginPage" name="verifyLoginWithNonExistingUser" time="7.706"/>
  <system-out/>
  <testcase classname="com.dentscribe.testCases.TestLoginPage" name="verifyLoginWithInvalidPassword" time="16.306"/>
  <system-out/>
  <testcase classname="com.dentscribe.testCases.TestLoginPage" name="verifyLoginWithThreeInvalidAttempts" time="22.883"/>
  <system-out/>
  <testcase classname="com.dentscribe.testCases.TestLoginPage" name="verifyLoginWithValidCredentials" time="6.611"/>
  <system-out/>
</testsuite> <!-- com.dentscribe.testCases.TestLoginPage -->
