<?xml version="1.0" encoding="UTF-8"?>
<!-- Generated by org.testng.reporters.JUnitReportReporter -->
<testsuite hostname="LAP-0301" failures="0" tests="6" name="com.dentscribe.testCases.TestSmsVerificationPageAfterSignup" time="106.980" errors="0" timestamp="2023-12-22T19:21:54 IST" skipped="0">
  <testcase classname="com.dentscribe.testCases.TestSmsVerificationPageAfterSignup" name="verifyIsSmsVerificationPageExistsAfterSignup" time="70.622"/>
  <system-out/>
  <testcase classname="com.dentscribe.testCases.TestSmsVerificationPageAfterSignup" name="verifySmsVerificationWithBlankOtp" time="3.253"/>
  <system-out/>
  <testcase classname="com.dentscribe.testCases.TestSmsVerificationPageAfterSignup" name="verifySmsVerificationWithWrongOtp" time="8.933"/>
  <system-out/>
  <testcase classname="com.dentscribe.testCases.TestSmsVerificationPageAfterSignup" name="verifySmsVerificationResendCodeLink" time="5.935"/>
  <system-out/>
  <testcase classname="com.dentscribe.testCases.TestSmsVerificationPageAfterSignup" name="verifyWhetherSmsVerificationPageBackIconRedirectToSignupPage" time="5.343"/>
  <system-out/>
  <testcase classname="com.dentscribe.testCases.TestSmsVerificationPageAfterSignup" name="verifySmsVerificationWithValidOtp" time="12.894"/>
  <system-out/>
</testsuite> <!-- com.dentscribe.testCases.TestSmsVerificationPageAfterSignup -->
