<?xml version="1.0" encoding="UTF-8"?>
<!-- Generated by org.testng.reporters.JUnitReportReporter -->
<testsuite hostname="LAP-0301" failures="0" tests="6" name="com.dentscribe.testCases.TestCreateUserTakeFreePlanAndBuyPaidPlan" time="593.170" errors="0" timestamp="2024-01-04T19:32:45 IST" skipped="0">
  <testcase classname="com.dentscribe.testCases.TestCreateUserTakeFreePlanAndBuyPaidPlan" name="createNewUserAndGoToManageSubscriptionPage" time="504.917"/>
  <system-out/>
  <testcase classname="com.dentscribe.testCases.TestCreateUserTakeFreePlanAndBuyPaidPlan" name="verifyIsAddPaymentMethodPageExists" time="3.408"/>
  <system-out/>
  <testcase classname="com.dentscribe.testCases.TestCreateUserTakeFreePlanAndBuyPaidPlan" name="verifyAddPaymentMethodMandatoryFields" time="43.433"/>
  <system-out/>
  <testcase classname="com.dentscribe.testCases.TestCreateUserTakeFreePlanAndBuyPaidPlan" name="verifyBackIconAddPaymentMethodPage" time="2.410"/>
  <system-out/>
  <testcase classname="com.dentscribe.testCases.TestCreateUserTakeFreePlanAndBuyPaidPlan" name="verifyCanUserTake30DaysFreeTrialPlan" time="14.914"/>
  <system-out/>
  <testcase classname="com.dentscribe.testCases.TestCreateUserTakeFreePlanAndBuyPaidPlan" name="verifyCanUserBuyPaidPlanAfterFreeTrialPlan" time="24.088"/>
  <system-out/>
</testsuite> <!-- com.dentscribe.testCases.TestCreateUserTakeFreePlanAndBuyPaidPlan -->
