<?xml version="1.0" encoding="UTF-8"?>
<!-- Generated by org.testng.reporters.JUnitReportReporter -->
<testsuite hostname="LAP-0301" failures="0" tests="10" name="com.dentscribe.testCases.TestSettingsPage" time="211.239" errors="0" timestamp="2024-01-05T17:54:42 IST" skipped="0">
  <testcase classname="com.dentscribe.testCases.TestSettingsPage" name="verifyIsSettingsPageExists" time="25.816"/>
  <system-out/>
  <testcase classname="com.dentscribe.testCases.TestSettingsPage" name="verifyPracticeUpdate" time="71.281"/>
  <system-out/>
  <testcase classname="com.dentscribe.testCases.TestSettingsPage" name="verifyBackIconSettingsPage" time="5.689"/>
  <system-out/>
  <testcase classname="com.dentscribe.testCases.TestSettingsPage" name="verifyAccountInfoUpdate" time="31.220"/>
  <system-out/>
  <testcase classname="com.dentscribe.testCases.TestSettingsPage" name="verifyPushNotificationsSwitch" time="25.087"/>
  <system-out/>
  <testcase classname="com.dentscribe.testCases.TestSettingsPage" name="verifySmsNotificationsSwitch" time="16.219"/>
  <system-out/>
  <testcase classname="com.dentscribe.testCases.TestSettingsPage" name="verifyEmailNotificationsSwitch" time="16.713"/>
  <system-out/>
  <testcase classname="com.dentscribe.testCases.TestSettingsPage" name="verifyHelpOptionsSettingsPage" time="10.394"/>
  <system-out/>
  <testcase classname="com.dentscribe.testCases.TestSettingsPage" name="verifyFAQsInHelpPage" time="6.534"/>
  <system-out/>
  <testcase classname="com.dentscribe.testCases.TestSettingsPage" name="verifyLogout" time="2.286"/>
  <system-out/>
</testsuite> <!-- com.dentscribe.testCases.TestSettingsPage -->
