<?xml version="1.0" encoding="UTF-8"?>
<!-- Generated by org.testng.reporters.JUnitReportReporter -->
<testsuite hostname="LAP-0301" failures="0" tests="6" name="com.dentscribe.testCases.DS_002_ForgotPasswordTest" time="20.357" errors="0" timestamp="2023-12-08T13:06:44 IST" skipped="0">
  <testcase classname="com.dentscribe.testCases.DS_002_ForgotPasswordTest" name="verifyIsForgotPasswordPageExists" time="3.528"/>
  <system-out/>
  <testcase classname="com.dentscribe.testCases.DS_002_ForgotPasswordTest" name="verifyForgotPasswordContinueButtonWithoutEmailId" time="1.180"/>
  <system-out/>
  <testcase classname="com.dentscribe.testCases.DS_002_ForgotPasswordTest" name="verifyForgotPasswordContinueButtonWithWrongEmailId" time="0.975"/>
  <system-out/>
  <testcase classname="com.dentscribe.testCases.DS_002_ForgotPasswordTest" name="verifyForgotPasswordContinueButtonWithNonExistingEmail" time="3.962"/>
  <system-out/>
  <testcase classname="com.dentscribe.testCases.DS_002_ForgotPasswordTest" name="verifyForgotPasswordContinueButtonWithExistingEmail" time="9.958"/>
  <system-out/>
  <testcase classname="com.dentscribe.testCases.DS_002_ForgotPasswordTest" name="verifyForgotPasswordBackIcon" time="0.754"/>
  <system-out/>
</testsuite> <!-- com.dentscribe.testCases.DS_002_ForgotPasswordTest -->
