<?xml version="1.0" encoding="UTF-8"?>
<!-- Generated by org.testng.reporters.JUnitReportReporter -->
<testsuite hostname="LAP-0301" failures="0" tests="6" name="com.dentscribe.testCases.TestLoginPage" time="58.533" errors="0" timestamp="2023-12-22T15:04:14 IST" skipped="0">
  <testcase classname="com.dentscribe.testCases.TestLoginPage" name="verifyIsLoginPageExistsAndItsFields" time="3.106"/>
  <system-out/>
  <testcase classname="com.dentscribe.testCases.TestLoginPage" name="verifyLoginWithoutMandatoryFields" time="1.267"/>
  <system-out/>
  <testcase classname="com.dentscribe.testCases.TestLoginPage" name="verifyLoginWithNonExistingUser" time="7.747"/>
  <system-out/>
  <testcase classname="com.dentscribe.testCases.TestLoginPage" name="verifyLoginWithInvalidPassword" time="16.137"/>
  <system-out/>
  <testcase classname="com.dentscribe.testCases.TestLoginPage" name="verifyLoginWithThreeInvalidAttempts" time="24.377"/>
  <system-out/>
  <testcase classname="com.dentscribe.testCases.TestLoginPage" name="verifyLoginWithValidCredentials" time="5.899"/>
  <system-out/>
</testsuite> <!-- com.dentscribe.testCases.TestLoginPage -->
