<?xml version="1.0" encoding="UTF-8"?>
<!-- Generated by org.testng.reporters.JUnitReportReporter -->
<testsuite hostname="LAP-0301" failures="0" tests="3" name="com.dentscribe.testCases.DS_016_TourPagesTest" time="58.196" errors="0" timestamp="2023-12-08T13:06:44 IST" skipped="0">
  <testcase classname="com.dentscribe.testCases.DS_016_TourPagesTest" name="verifyTourPagesUsingNextButtonClick" time="39.941"/>
  <system-out/>
  <testcase classname="com.dentscribe.testCases.DS_016_TourPagesTest" name="verifyTourPagesUsingBackButtonClick" time="14.446"/>
  <system-out/>
  <testcase classname="com.dentscribe.testCases.DS_016_TourPagesTest" name="verifySkipLinkTourPages" time="3.809"/>
  <system-out/>
</testsuite> <!-- com.dentscribe.testCases.DS_016_TourPagesTest -->
