<?xml version="1.0" encoding="UTF-8"?>
<!-- Generated by org.testng.reporters.JUnitReportReporter -->
<testsuite hostname="LAP-0301" failures="0" tests="1" name="com.dentscribe.testCases.TestRecordingfor10mintsAndGenerateSoapReport" time="742.676" errors="0" timestamp="2024-01-04T19:32:46 IST" skipped="0">
  <testcase classname="com.dentscribe.testCases.TestRecordingfor10mintsAndGenerateSoapReport" name="verifyWhetherSoapReportCreatedFor10mintsRecording" time="742.676"/>
  <system-out/>
</testsuite> <!-- com.dentscribe.testCases.TestRecordingfor10mintsAndGenerateSoapReport -->
