<?xml version="1.0" encoding="UTF-8"?>
<!-- Generated by org.testng.reporters.JUnitReportReporter -->
<testsuite hostname="LAP-0301" failures="0" tests="7" name="com.dentscribe.testCases.TestFeedbackAndNewFeedbackPages" time="47.817" errors="0" timestamp="2024-01-02T14:04:31 IST" skipped="0">
  <testcase classname="com.dentscribe.testCases.TestFeedbackAndNewFeedbackPages" name="verifyIsFeedbackPageExists" time="27.462"/>
  <system-out/>
  <testcase classname="com.dentscribe.testCases.TestFeedbackAndNewFeedbackPages" name="verifyIsExpectedFieldsExistsOnFeedbackPage" time="0.439"/>
  <system-out/>
  <testcase classname="com.dentscribe.testCases.TestFeedbackAndNewFeedbackPages" name="verifyIsNewFeedbackPageExists" time="0.978"/>
  <system-out/>
  <testcase classname="com.dentscribe.testCases.TestFeedbackAndNewFeedbackPages" name="verifyIsExpectedFieldsExistsOnNewFeedbackPage" time="0.677"/>
  <system-out/>
  <testcase classname="com.dentscribe.testCases.TestFeedbackAndNewFeedbackPages" name="verifyBackIconNewFeedbackPage" time="1.407"/>
  <system-out/>
  <testcase classname="com.dentscribe.testCases.TestFeedbackAndNewFeedbackPages" name="createNewFeedbackAndVerify" time="15.580"/>
  <system-out/>
  <testcase classname="com.dentscribe.testCases.TestFeedbackAndNewFeedbackPages" name="verifyBackIconFeedbackPage" time="1.274"/>
  <system-out/>
</testsuite> <!-- com.dentscribe.testCases.TestFeedbackAndNewFeedbackPages -->
