<?xml version="1.0" encoding="UTF-8"?>
<!-- Generated by org.testng.reporters.JUnitReportReporter -->
<testsuite hostname="LAP-0301" failures="0" tests="6" name="com.dentscribe.testCases.TestSmsVerificationPageAfterLogin" time="53.232" errors="0" timestamp="2023-12-22T15:33:36 IST" skipped="0">
  <testcase classname="com.dentscribe.testCases.TestSmsVerificationPageAfterLogin" name="verifyIsSmsVerificationPageExistsAfterLogin" time="9.555"/>
  <system-out/>
  <testcase classname="com.dentscribe.testCases.TestSmsVerificationPageAfterLogin" name="verifySmsVerificationWithBlankOtp" time="7.575"/>
  <system-out/>
  <testcase classname="com.dentscribe.testCases.TestSmsVerificationPageAfterLogin" name="verifySmsVerificationWithWrongOtp" time="9.080"/>
  <system-out/>
  <testcase classname="com.dentscribe.testCases.TestSmsVerificationPageAfterLogin" name="verifySmsVerificationResendCodeLink" time="5.861"/>
  <system-out/>
  <testcase classname="com.dentscribe.testCases.TestSmsVerificationPageAfterLogin" name="verifyWhetherSmsVerificationPageBackIconRedirectToLoginPage" time="5.801"/>
  <system-out/>
  <testcase classname="com.dentscribe.testCases.TestSmsVerificationPageAfterLogin" name="verifySmsVerificationWithValidOtp" time="15.360"/>
  <system-out/>
</testsuite> <!-- com.dentscribe.testCases.TestSmsVerificationPageAfterLogin -->
