<?xml version="1.0" encoding="UTF-8"?>
<!-- Generated by org.testng.reporters.JUnitReportReporter -->
<testsuite hostname="LAP-0301" failures="0" tests="1" name="com.dentscribe.testCases.DS_001_008_LoginTest" time="44.663" errors="0" timestamp="2023-11-30T14:04:45 IST" skipped="0">
  <testcase classname="com.dentscribe.testCases.DS_001_008_LoginTest" name="loginTest" time="44.663"/>
  <system-out/>
</testsuite> <!-- com.dentscribe.testCases.DS_001_008_LoginTest -->
