<?xml version="1.0" encoding="UTF-8"?>
<!-- Generated by org.testng.reporters.JUnitReportReporter -->
<testsuite hostname="LAP-0301" failures="0" tests="6" name="com.dentscribe.testCases.TestForgotPasswordPage" time="22.355" errors="0" timestamp="2023-12-26T13:55:51 IST" skipped="0">
  <testcase classname="com.dentscribe.testCases.TestForgotPasswordPage" name="verityIsForgotPasswordPageExists" time="6.306"/>
  <system-out/>
  <testcase classname="com.dentscribe.testCases.TestForgotPasswordPage" name="verifyForgotPasswordMandatoryFields" time="0.945"/>
  <system-out/>
  <testcase classname="com.dentscribe.testCases.TestForgotPasswordPage" name="verifyForgotPasswordForWrongEmailId" time="1.467"/>
  <system-out/>
  <testcase classname="com.dentscribe.testCases.TestForgotPasswordPage" name="verifyForgotPasswordForNotExistsEmailId" time="3.364"/>
  <system-out/>
  <testcase classname="com.dentscribe.testCases.TestForgotPasswordPage" name="verifyForgotPasswordForValidEmailId" time="9.635"/>
  <system-out/>
  <testcase classname="com.dentscribe.testCases.TestForgotPasswordPage" name="verifyForgotPasswordBackIcon" time="0.638"/>
  <system-out/>
</testsuite> <!-- com.dentscribe.testCases.TestForgotPasswordPage -->
