<?xml version="1.0" encoding="UTF-8"?>
<!-- Generated by org.testng.reporters.JUnitReportReporter -->
<testsuite hostname="LAP-0301" failures="0" tests="8" name="com.dentscribe.testCases.TestPatientSearchPage" time="124.962" errors="0" timestamp="2024-01-04T19:32:46 IST" skipped="0">
  <testcase classname="com.dentscribe.testCases.TestPatientSearchPage" name="verifySkipLinkTourPages" time="23.555"/>
  <system-out/>
  <testcase classname="com.dentscribe.testCases.TestPatientSearchPage" name="verifyIsPatientSearchPageExists" time="12.179"/>
  <system-out/>
  <testcase classname="com.dentscribe.testCases.TestPatientSearchPage" name="verifyPatientSearchByInvalidData" time="11.663"/>
  <system-out/>
  <testcase classname="com.dentscribe.testCases.TestPatientSearchPage" name="verifyPatientSearchByPatientName" time="13.118"/>
  <system-out/>
  <testcase classname="com.dentscribe.testCases.TestPatientSearchPage" name="verifyPatientSearchByPatientPhoneNumber" time="13.298"/>
  <system-out/>
  <testcase classname="com.dentscribe.testCases.TestPatientSearchPage" name="verifyPatientSearchByPatientDOB" time="13.805"/>
  <system-out/>
  <testcase classname="com.dentscribe.testCases.TestPatientSearchPage" name="verifyPatientSearchByPatientInsurance" time="30.749"/>
  <system-out/>
  <testcase classname="com.dentscribe.testCases.TestPatientSearchPage" name="verifyBackIconSearchPatientPage" time="6.595"/>
  <system-out/>
</testsuite> <!-- com.dentscribe.testCases.TestPatientSearchPage -->
