<?xml version="1.0" encoding="UTF-8"?>
<!-- Generated by org.testng.reporters.JUnitReportReporter -->
<testsuite hostname="LAP-0301" failures="0" tests="1" name="com.dentscribe.testCases.DS_016_TourPagesTest" time="74.954" errors="0" timestamp="2023-11-03T12:22:27 IST" skipped="0">
  <testcase classname="com.dentscribe.testCases.DS_016_TourPagesTest" name="tourPageTest" time="74.954"/>
  <system-out/>
</testsuite> <!-- com.dentscribe.testCases.DS_016_TourPagesTest -->
