<?xml version="1.0" encoding="UTF-8"?>
<!-- Generated by org.testng.reporters.JUnitReportReporter -->
<testsuite hostname="LAP-0301" failures="0" tests="4" name="com.dentscribe.testCases.DS_019_ChangePassword" time="76.720" errors="0" timestamp="2023-12-05T12:53:04 IST" skipped="0">
  <testcase classname="com.dentscribe.testCases.DS_019_ChangePassword" name="verifyChangePasswordWithInvalidCurrentPassword" time="52.334"/>
  <system-out/>
  <testcase classname="com.dentscribe.testCases.DS_019_ChangePassword" name="verifyNewPasswordWeakValidation" time="3.034"/>
  <system-out/>
  <testcase classname="com.dentscribe.testCases.DS_019_ChangePassword" name="verifyChangePasswordAndUserShouldLogout" time="7.758"/>
  <system-out/>
  <testcase classname="com.dentscribe.testCases.DS_019_ChangePassword" name="verifyLoginWithBothOldNewPassword" time="13.594"/>
  <system-out/>
</testsuite> <!-- com.dentscribe.testCases.DS_019_ChangePassword -->
