<?xml version="1.0" encoding="UTF-8"?>
<!-- Generated by org.testng.reporters.JUnitReportReporter -->
<testsuite hostname="LAP-0301" failures="0" tests="1" name="com.dentscribe.testCases.DS_003_VerifySignupPageMandatoryFields" time="132.017" errors="0" timestamp="2023-11-03T11:29:13 IST" skipped="0">
  <testcase classname="com.dentscribe.testCases.DS_003_VerifySignupPageMandatoryFields" name="verifyMandatoryFields" time="132.017"/>
  <system-out/>
</testsuite> <!-- com.dentscribe.testCases.DS_003_VerifySignupPageMandatoryFields -->
