<?xml version="1.0" encoding="UTF-8"?>
<!-- Generated by org.testng.reporters.JUnitReportReporter -->
<testsuite hostname="LAP-0301" failures="0" tests="6" name="com.dentscribe.testCases.TestSmsVerificationPageAfterSignup" time="108.004" errors="0" timestamp="2024-01-04T19:32:46 IST" skipped="0">
  <testcase classname="com.dentscribe.testCases.TestSmsVerificationPageAfterSignup" name="verifyIsSmsVerificationPageExistsAfterSignup" time="72.908"/>
  <system-out/>
  <testcase classname="com.dentscribe.testCases.TestSmsVerificationPageAfterSignup" name="verifySmsVerificationWithBlankOtp" time="3.156"/>
  <system-out/>
  <testcase classname="com.dentscribe.testCases.TestSmsVerificationPageAfterSignup" name="verifySmsVerificationWithWrongOtp" time="8.337"/>
  <system-out/>
  <testcase classname="com.dentscribe.testCases.TestSmsVerificationPageAfterSignup" name="verifySmsVerificationResendCodeLink" time="5.928"/>
  <system-out/>
  <testcase classname="com.dentscribe.testCases.TestSmsVerificationPageAfterSignup" name="verifyWhetherSmsVerificationPageBackIconRedirectToSignupPage" time="5.725"/>
  <system-out/>
  <testcase classname="com.dentscribe.testCases.TestSmsVerificationPageAfterSignup" name="verifySmsVerificationWithValidOtp" time="11.950"/>
  <system-out/>
</testsuite> <!-- com.dentscribe.testCases.TestSmsVerificationPageAfterSignup -->
