<?xml version="1.0" encoding="UTF-8"?>
<!-- Generated by org.testng.reporters.JUnitReportReporter -->
<testsuite hostname="LAP-0143" failures="0" tests="1" name="com.dentscribe.testCases.DS_017_SearchPatientTest" time="139.224" errors="0" timestamp="2023-11-04T13:42:17 IST" skipped="0">
  <testcase classname="com.dentscribe.testCases.DS_017_SearchPatientTest" name="searchPatient" time="139.224"/>
  <system-out/>
</testsuite> <!-- com.dentscribe.testCases.DS_017_SearchPatientTest -->
