<?xml version="1.0" encoding="UTF-8"?>
<!-- Generated by org.testng.reporters.JUnitReportReporter -->
<testsuite hostname="LAP-0301" failures="0" tests="6" name="com.dentscribe.testCases.DS_002_ForgotPasswordTest" time="21.361" errors="0" timestamp="2023-12-06T12:35:51 IST" skipped="0">
  <testcase classname="com.dentscribe.testCases.DS_002_ForgotPasswordTest" name="verifyIsForgotPasswordPageExists" time="4.768"/>
  <system-out/>
  <testcase classname="com.dentscribe.testCases.DS_002_ForgotPasswordTest" name="verifyForgotPasswordContinueButtonWithoutEmailId" time="1.004"/>
  <system-out/>
  <testcase classname="com.dentscribe.testCases.DS_002_ForgotPasswordTest" name="verifyForgotPasswordContinueButtonWithWrongEmailId" time="1.427"/>
  <system-out/>
  <testcase classname="com.dentscribe.testCases.DS_002_ForgotPasswordTest" name="verifyForgotPasswordContinueButtonWithNonExistingEmail" time="3.340"/>
  <system-out/>
  <testcase classname="com.dentscribe.testCases.DS_002_ForgotPasswordTest" name="verifyForgotPasswordContinueButtonWithExistingEmail" time="10.139"/>
  <system-out/>
  <testcase classname="com.dentscribe.testCases.DS_002_ForgotPasswordTest" name="verifyForgotPasswordBackIcon" time="0.683"/>
  <system-out/>
</testsuite> <!-- com.dentscribe.testCases.DS_002_ForgotPasswordTest -->
