<?xml version="1.0" encoding="UTF-8"?>
<!-- Generated by org.testng.reporters.JUnitReportReporter -->
<testsuite hostname="LAP-0301" failures="0" tests="3" name="com.dentscribe.testCases.DS_005_SignupWithoutPractice" time="118.561" errors="0" timestamp="2023-12-06T12:54:39 IST" skipped="0">
  <testcase classname="com.dentscribe.testCases.DS_005_SignupWithoutPractice" name="verifyWishToContinuePopupBackButton" time="71.358"/>
  <system-out/>
  <testcase classname="com.dentscribe.testCases.DS_005_SignupWithoutPractice" name="verifyPracticeInfoMandatoryFields" time="36.419"/>
  <system-out/>
  <testcase classname="com.dentscribe.testCases.DS_005_SignupWithoutPractice" name="verifyLoginWithoutRegisterPractice" time="10.784"/>
  <system-out/>
</testsuite> <!-- com.dentscribe.testCases.DS_005_SignupWithoutPractice -->
