<?xml version="1.0" encoding="UTF-8"?>
<!-- Generated by org.testng.reporters.JUnitReportReporter -->
<testsuite hostname="LAP-0301" failures="0" tests="8" name="com.dentscribe.testCases.TestPatientSearchPage" time="109.825" errors="0" timestamp="2023-12-26T13:53:02 IST" skipped="0">
  <testcase classname="com.dentscribe.testCases.TestPatientSearchPage" name="verifySkipLinkTourPages" time="23.186"/>
  <system-out/>
  <testcase classname="com.dentscribe.testCases.TestPatientSearchPage" name="verifyIsPatientSearchPageExists" time="12.356"/>
  <system-out/>
  <testcase classname="com.dentscribe.testCases.TestPatientSearchPage" name="verifyPatientSearchByInvalidData" time="11.900"/>
  <system-out/>
  <testcase classname="com.dentscribe.testCases.TestPatientSearchPage" name="verifyPatientSearchByPatientName" time="14.737"/>
  <system-out/>
  <testcase classname="com.dentscribe.testCases.TestPatientSearchPage" name="verifyPatientSearchByPatientPhoneNumber" time="16.545"/>
  <system-out/>
  <testcase classname="com.dentscribe.testCases.TestPatientSearchPage" name="verifyPatientSearchByPatientDOB" time="12.974"/>
  <system-out/>
  <testcase classname="com.dentscribe.testCases.TestPatientSearchPage" name="verifyPatientSearchByPatientInsurance" time="14.547"/>
  <system-out/>
  <testcase classname="com.dentscribe.testCases.TestPatientSearchPage" name="verifyBackIconSearchPatientPage" time="3.580"/>
  <system-out/>
</testsuite> <!-- com.dentscribe.testCases.TestPatientSearchPage -->
