<?xml version="1.0" encoding="UTF-8"?>
<!-- Generated by org.testng.reporters.JUnitReportReporter -->
<testsuite hostname="LAP-0301" failures="0" tests="9" name="com.dentscribe.testCases.TestSoapReportAndPatientProfilePage" time="462.903" errors="0" timestamp="2024-01-02T17:13:00 IST" skipped="0">
  <testcase classname="com.dentscribe.testCases.TestSoapReportAndPatientProfilePage" name="verifyIsRecordingPageOpenedForExpectedPatient" time="79.520"/>
  <system-out/>
  <testcase classname="com.dentscribe.testCases.TestSoapReportAndPatientProfilePage" name="verifyBackIconRecordingPage" time="21.534"/>
  <system-out/>
  <testcase classname="com.dentscribe.testCases.TestSoapReportAndPatientProfilePage" name="verifyIsSoapReportCreated" time="263.212"/>
  <system-out/>
  <testcase classname="com.dentscribe.testCases.TestSoapReportAndPatientProfilePage" name="verifyEditIconSoapReport" time="0.511"/>
  <system-out/>
  <testcase classname="com.dentscribe.testCases.TestSoapReportAndPatientProfilePage" name="verifyEditSoapReportAndAddSignatureDuringEditableReport" time="20.522"/>
  <system-out/>
  <testcase classname="com.dentscribe.testCases.TestSoapReportAndPatientProfilePage" name="updateUserDetailsAndVerifySame" time="17.906"/>
  <system-out/>
  <testcase classname="com.dentscribe.testCases.TestSoapReportAndPatientProfilePage" name="verifyBackIconSoapReport" time="3.918"/>
  <system-out/>
  <testcase classname="com.dentscribe.testCases.TestSoapReportAndPatientProfilePage" name="verifyPatientProfilePage" time="44.652"/>
  <system-out/>
  <testcase classname="com.dentscribe.testCases.TestSoapReportAndPatientProfilePage" name="verifyBackIconPatientProfilePage" time="11.128"/>
  <system-out/>
</testsuite> <!-- com.dentscribe.testCases.TestSoapReportAndPatientProfilePage -->
