<?xml version="1.0" encoding="UTF-8"?>
<!-- Generated by org.testng.reporters.JUnitReportReporter -->
<testsuite hostname="LAP-0301" failures="0" tests="9" name="com.dentscribe.testCases.TestCreateUserBuyPaidPlanAndCancelPaidPlan" time="535.303" errors="0" timestamp="2024-01-05T11:20:18 IST" skipped="0">
  <testcase classname="com.dentscribe.testCases.TestCreateUserBuyPaidPlanAndCancelPaidPlan" name="verifySignupNewUser" time="81.242"/>
  <system-out/>
  <testcase classname="com.dentscribe.testCases.TestCreateUserBuyPaidPlanAndCancelPaidPlan" name="verifyCreatePracticeInfo" time="75.913"/>
  <system-out/>
  <testcase classname="com.dentscribe.testCases.TestCreateUserBuyPaidPlanAndCancelPaidPlan" name="verifyWebViewRegistration" time="258.819"/>
  <system-out/>
  <testcase classname="com.dentscribe.testCases.TestCreateUserBuyPaidPlanAndCancelPaidPlan" name="verifyCanUserBuyPaidPlanAgainAfterCancelOnce" time="8.014"/>
  <system-out/>
  <testcase classname="com.dentscribe.testCases.TestCreateUserBuyPaidPlanAndCancelPaidPlan" name="verifySpuInstallPopupAndRefreshData" time="6.507"/>
  <system-out/>
  <testcase classname="com.dentscribe.testCases.TestCreateUserBuyPaidPlanAndCancelPaidPlan" name="verifyEulaAgreementPageAndAcceptAgreement" time="20.118"/>
  <system-out/>
  <testcase classname="com.dentscribe.testCases.TestCreateUserBuyPaidPlanAndCancelPaidPlan" name="verifyCanUserBuyPaidPlan" time="34.759"/>
  <system-out/>
  <testcase classname="com.dentscribe.testCases.TestCreateUserBuyPaidPlanAndCancelPaidPlan" name="verifyCanUserCancelSubscription" time="11.486"/>
  <system-out/>
  <testcase classname="com.dentscribe.testCases.TestCreateUserBuyPaidPlanAndCancelPaidPlan" name="verifyCanUserUpdatePaymentMethod" time="38.445"/>
  <system-out/>
</testsuite> <!-- com.dentscribe.testCases.TestCreateUserBuyPaidPlanAndCancelPaidPlan -->
