<?xml version="1.0" encoding="UTF-8"?>
<!-- Generated by org.testng.reporters.JUnitReportReporter -->
<testsuite hostname="LAP-0301" failures="0" tests="9" name="com.dentscribe.testCases.TestCreateUserBuyPaidPlanAndCancelPaidPlan" time="551.312" errors="0" timestamp="2024-01-02T14:04:31 IST" skipped="0">
  <testcase classname="com.dentscribe.testCases.TestCreateUserBuyPaidPlanAndCancelPaidPlan" name="verifySignupNewUser" time="83.901"/>
  <system-out/>
  <testcase classname="com.dentscribe.testCases.TestCreateUserBuyPaidPlanAndCancelPaidPlan" name="verifyCreatePracticeInfo" time="75.437"/>
  <system-out/>
  <testcase classname="com.dentscribe.testCases.TestCreateUserBuyPaidPlanAndCancelPaidPlan" name="verifyWebViewRegistration" time="270.142"/>
  <system-out/>
  <testcase classname="com.dentscribe.testCases.TestCreateUserBuyPaidPlanAndCancelPaidPlan" name="verifyCanUserBuyPaidPlanAgainAfterCancelOnce" time="12.126"/>
  <system-out/>
  <testcase classname="com.dentscribe.testCases.TestCreateUserBuyPaidPlanAndCancelPaidPlan" name="verifySpuInstallPopupAndRefreshData" time="6.861"/>
  <system-out/>
  <testcase classname="com.dentscribe.testCases.TestCreateUserBuyPaidPlanAndCancelPaidPlan" name="verifyEulaAgreementPageAndAcceptAgreement" time="16.700"/>
  <system-out/>
  <testcase classname="com.dentscribe.testCases.TestCreateUserBuyPaidPlanAndCancelPaidPlan" name="verifyCanUserBuyPaidPlan" time="36.899"/>
  <system-out/>
  <testcase classname="com.dentscribe.testCases.TestCreateUserBuyPaidPlanAndCancelPaidPlan" name="verifyCanUserCancelSubscription" time="11.736"/>
  <system-out/>
  <testcase classname="com.dentscribe.testCases.TestCreateUserBuyPaidPlanAndCancelPaidPlan" name="verifyCanUserUpdatePaymentMethod" time="37.510"/>
  <system-out/>
</testsuite> <!-- com.dentscribe.testCases.TestCreateUserBuyPaidPlanAndCancelPaidPlan -->
