<?xml version="1.0" encoding="UTF-8"?>
<!-- Generated by org.testng.reporters.JUnitReportReporter -->
<testsuite hostname="LAP-0143" failures="0" tests="1" name="com.dentscribe.testCases.DS_020_021_HelpAndLogoutTest" time="42.938" errors="0" timestamp="2023-11-04T21:33:15 IST" skipped="0">
  <testcase classname="com.dentscribe.testCases.DS_020_021_HelpAndLogoutTest" name="verifyHelpAndLogoutFunctionality" time="42.938"/>
  <system-out/>
</testsuite> <!-- com.dentscribe.testCases.DS_020_021_HelpAndLogoutTest -->
