<?xml version="1.0" encoding="UTF-8"?>
<!-- Generated by org.testng.reporters.JUnitReportReporter -->
<testsuite hostname="LAP-0301" failures="0" tests="9" name="com.dentscribe.testCases.TestCreateUserBuyPaidPlanAndCancelPaidPlan" time="527.066" errors="0" timestamp="2023-12-20T17:51:59 IST" skipped="0">
  <testcase classname="com.dentscribe.testCases.TestCreateUserBuyPaidPlanAndCancelPaidPlan" name="verifySignupNewUser" time="80.920"/>
  <system-out/>
  <testcase classname="com.dentscribe.testCases.TestCreateUserBuyPaidPlanAndCancelPaidPlan" name="verifyCreatePracticeInfo" time="74.387"/>
  <system-out/>
  <testcase classname="com.dentscribe.testCases.TestCreateUserBuyPaidPlanAndCancelPaidPlan" name="verifyWebViewRegistration" time="250.190"/>
  <system-out/>
  <testcase classname="com.dentscribe.testCases.TestCreateUserBuyPaidPlanAndCancelPaidPlan" name="verifyCanUserBuyPaidPlanAgainAfterCancelOnce" time="8.245"/>
  <system-out/>
  <testcase classname="com.dentscribe.testCases.TestCreateUserBuyPaidPlanAndCancelPaidPlan" name="verifySpuInstallPopupAndRefreshData" time="7.028"/>
  <system-out/>
  <testcase classname="com.dentscribe.testCases.TestCreateUserBuyPaidPlanAndCancelPaidPlan" name="verifyEulaAgreementPageAndAcceptAgreement" time="16.947"/>
  <system-out/>
  <testcase classname="com.dentscribe.testCases.TestCreateUserBuyPaidPlanAndCancelPaidPlan" name="verifyCanUserBuyPaidPlan" time="35.053"/>
  <system-out/>
  <testcase classname="com.dentscribe.testCases.TestCreateUserBuyPaidPlanAndCancelPaidPlan" name="verifyCanUserCancelSubscription" time="11.736"/>
  <system-out/>
  <testcase classname="com.dentscribe.testCases.TestCreateUserBuyPaidPlanAndCancelPaidPlan" name="verifyCanUserUpdatePaymentMethod" time="42.560"/>
  <system-out/>
</testsuite> <!-- com.dentscribe.testCases.TestCreateUserBuyPaidPlanAndCancelPaidPlan -->
