<?xml version="1.0" encoding="UTF-8"?>
<!-- Generated by org.testng.reporters.JUnitReportReporter -->
<testsuite hostname="LAP-0301" failures="0" tests="6" name="com.dentscribe.testCases.TestForgotPasswordPage" time="18.908" errors="0" timestamp="2024-01-04T19:32:46 IST" skipped="0">
  <testcase classname="com.dentscribe.testCases.TestForgotPasswordPage" name="verityIsForgotPasswordPageExists" time="3.581"/>
  <system-out/>
  <testcase classname="com.dentscribe.testCases.TestForgotPasswordPage" name="verifyForgotPasswordMandatoryFields" time="1.007"/>
  <system-out/>
  <testcase classname="com.dentscribe.testCases.TestForgotPasswordPage" name="verifyForgotPasswordForWrongEmailId" time="0.962"/>
  <system-out/>
  <testcase classname="com.dentscribe.testCases.TestForgotPasswordPage" name="verifyForgotPasswordForNotExistsEmailId" time="3.282"/>
  <system-out/>
  <testcase classname="com.dentscribe.testCases.TestForgotPasswordPage" name="verifyForgotPasswordForValidEmailId" time="9.469"/>
  <system-out/>
  <testcase classname="com.dentscribe.testCases.TestForgotPasswordPage" name="verifyForgotPasswordBackIcon" time="0.607"/>
  <system-out/>
</testsuite> <!-- com.dentscribe.testCases.TestForgotPasswordPage -->
