<?xml version="1.0" encoding="UTF-8"?>
<!-- Generated by org.testng.reporters.JUnitReportReporter -->
<testsuite hostname="LAP-0301" failures="0" tests="9" name="com.dentscribe.testCases.DS_001_008_030_LoginSmsVerificationTest" time="104.661" errors="0" timestamp="2023-12-08T13:06:44 IST" skipped="0">
  <testcase classname="com.dentscribe.testCases.DS_001_008_030_LoginSmsVerificationTest" name="verifyHomePage" time="2.660"/>
  <system-out/>
  <testcase classname="com.dentscribe.testCases.DS_001_008_030_LoginSmsVerificationTest" name="verifyLoginPageWithoutMandatoryFields" time="1.479"/>
  <system-out/>
  <testcase classname="com.dentscribe.testCases.DS_001_008_030_LoginSmsVerificationTest" name="verifyLoginWithNonRegisteredUser" time="7.913"/>
  <system-out/>
  <testcase classname="com.dentscribe.testCases.DS_001_008_030_LoginSmsVerificationTest" name="verifyLoginWithInvalidUsernameOrPassword" time="16.937"/>
  <system-out/>
  <testcase classname="com.dentscribe.testCases.DS_001_008_030_LoginSmsVerificationTest" name="verifyLoginWithThreeInvalidAttempts" time="23.034"/>
  <system-out/>
  <testcase classname="com.dentscribe.testCases.DS_001_008_030_LoginSmsVerificationTest" name="verifyLoginWithValidUsernamePassword" time="15.700"/>
  <system-out/>
  <testcase classname="com.dentscribe.testCases.DS_001_008_030_LoginSmsVerificationTest" name="verifyBlankInvalidOtp" time="11.035"/>
  <system-out/>
  <testcase classname="com.dentscribe.testCases.DS_001_008_030_LoginSmsVerificationTest" name="verifyResendLinkCodeAndBackIcon" time="12.557"/>
  <system-out/>
  <testcase classname="com.dentscribe.testCases.DS_001_008_030_LoginSmsVerificationTest" name="verifySmsVerificationWithValidOTP" time="13.346"/>
  <system-out/>
</testsuite> <!-- com.dentscribe.testCases.DS_001_008_030_LoginSmsVerificationTest -->
