<?xml version="1.0" encoding="UTF-8"?>
<!-- Generated by org.testng.reporters.JUnitReportReporter -->
<testsuite hostname="LAP-0301" failures="0" tests="8" name="com.dentscribe.testCases.TestSignUpPage" time="246.183" errors="0" timestamp="2023-12-22T16:51:21 IST" skipped="0">
  <testcase classname="com.dentscribe.testCases.TestSignUpPage" name="verifyIsSignupPageExists" time="2.696"/>
  <system-out/>
  <testcase classname="com.dentscribe.testCases.TestSignUpPage" name="verifySignupWithoutMandatoryFields" time="45.524"/>
  <system-out/>
  <testcase classname="com.dentscribe.testCases.TestSignUpPage" name="verifySignupPageForInvalidEmail" time="12.794"/>
  <system-out/>
  <testcase classname="com.dentscribe.testCases.TestSignUpPage" name="verifySignupPageForWeakPassword" time="11.953"/>
  <system-out/>
  <testcase classname="com.dentscribe.testCases.TestSignUpPage" name="verifySignupPageForConfirmPassowrd" time="15.862"/>
  <system-out/>
  <testcase classname="com.dentscribe.testCases.TestSignUpPage" name="verifyExistingAndDuplicateEmailId" time="82.846"/>
  <system-out/>
  <testcase classname="com.dentscribe.testCases.TestSignUpPage" name="verifySignupWithOnlyMandatoryFields" time="68.993"/>
  <system-out/>
  <testcase classname="com.dentscribe.testCases.TestSignUpPage" name="verifySignupConfirmationPopupButtons" time="5.515"/>
  <system-out/>
</testsuite> <!-- com.dentscribe.testCases.TestSignUpPage -->
