<?xml version="1.0" encoding="UTF-8"?>
<!-- Generated by org.testng.reporters.JUnitReportReporter -->
<testsuite hostname="LAP-0301" failures="0" tests="6" name="com.dentscribe.testCases.TestSmsVerificationPageAfterLogin" time="51.691" errors="0" timestamp="2024-01-04T19:32:46 IST" skipped="0">
  <testcase classname="com.dentscribe.testCases.TestSmsVerificationPageAfterLogin" name="verifyIsSmsVerificationPageExistsAfterLogin" time="8.911"/>
  <system-out/>
  <testcase classname="com.dentscribe.testCases.TestSmsVerificationPageAfterLogin" name="verifySmsVerificationWithBlankOtp" time="7.663"/>
  <system-out/>
  <testcase classname="com.dentscribe.testCases.TestSmsVerificationPageAfterLogin" name="verifySmsVerificationWithWrongOtp" time="9.666"/>
  <system-out/>
  <testcase classname="com.dentscribe.testCases.TestSmsVerificationPageAfterLogin" name="verifySmsVerificationResendCodeLink" time="6.072"/>
  <system-out/>
  <testcase classname="com.dentscribe.testCases.TestSmsVerificationPageAfterLogin" name="verifyWhetherSmsVerificationPageBackIconRedirectToLoginPage" time="5.960"/>
  <system-out/>
  <testcase classname="com.dentscribe.testCases.TestSmsVerificationPageAfterLogin" name="verifySmsVerificationWithValidOtp" time="13.419"/>
  <system-out/>
</testsuite> <!-- com.dentscribe.testCases.TestSmsVerificationPageAfterLogin -->
