<?xml version="1.0" encoding="UTF-8"?>
<!-- Generated by org.testng.reporters.JUnitReportReporter -->
<testsuite hostname="LAP-0301" failures="0" tests="1" name="com.dentscribe.testCases.DS_019_ChangePassword" time="90.893" errors="0" timestamp="2023-11-03T16:17:19 IST" skipped="0">
  <testcase classname="com.dentscribe.testCases.DS_019_ChangePassword" name="changePassword" time="90.893"/>
  <system-out/>
</testsuite> <!-- com.dentscribe.testCases.DS_019_ChangePassword -->
