<?xml version="1.0" encoding="UTF-8"?>
<!-- Generated by org.testng.reporters.JUnitReportReporter -->
<testsuite hostname="LAP-0301" failures="0" tests="4" name="com.dentscribe.testCases.TestChangePassword" time="62.057" errors="0" timestamp="2023-12-27T17:52:10 IST" skipped="0">
  <testcase classname="com.dentscribe.testCases.TestChangePassword" name="verifyChangePasswordFromSettingsPage" time="41.349"/>
  <system-out/>
  <testcase classname="com.dentscribe.testCases.TestChangePassword" name="verifyNewPasswordWeakValidation" time="2.877"/>
  <system-out/>
  <testcase classname="com.dentscribe.testCases.TestChangePassword" name="verifyUserShouldNotLoginFromOldPassword" time="11.923"/>
  <system-out/>
  <testcase classname="com.dentscribe.testCases.TestChangePassword" name="verifyUserShouldLoginFromNewChangedPassword" time="5.908"/>
  <system-out/>
</testsuite> <!-- com.dentscribe.testCases.TestChangePassword -->
