<?xml version="1.0" encoding="UTF-8"?>
<!-- Generated by org.testng.reporters.JUnitReportReporter -->
<testsuite hostname="LAP-0301" failures="0" tests="9" name="com.dentscribe.testCases.TestSoapReportAndPatientProfilePage" time="482.055" errors="0" timestamp="2024-01-04T19:32:46 IST" skipped="0">
  <testcase classname="com.dentscribe.testCases.TestSoapReportAndPatientProfilePage" name="verifyIsRecordingPageOpenedForExpectedPatient" time="84.791"/>
  <system-out/>
  <testcase classname="com.dentscribe.testCases.TestSoapReportAndPatientProfilePage" name="verifyBackIconRecordingPage" time="20.267"/>
  <system-out/>
  <testcase classname="com.dentscribe.testCases.TestSoapReportAndPatientProfilePage" name="verifyIsSoapReportCreated" time="273.329"/>
  <system-out/>
  <testcase classname="com.dentscribe.testCases.TestSoapReportAndPatientProfilePage" name="verifyEditIconSoapReport" time="0.668"/>
  <system-out/>
  <testcase classname="com.dentscribe.testCases.TestSoapReportAndPatientProfilePage" name="verifyEditSoapReportAndAddSignatureDuringEditableReport" time="23.801"/>
  <system-out/>
  <testcase classname="com.dentscribe.testCases.TestSoapReportAndPatientProfilePage" name="updateUserDetailsAndVerifySame" time="19.020"/>
  <system-out/>
  <testcase classname="com.dentscribe.testCases.TestSoapReportAndPatientProfilePage" name="verifyBackIconSoapReport" time="3.902"/>
  <system-out/>
  <testcase classname="com.dentscribe.testCases.TestSoapReportAndPatientProfilePage" name="verifyPatientProfilePage" time="45.233"/>
  <system-out/>
  <testcase classname="com.dentscribe.testCases.TestSoapReportAndPatientProfilePage" name="verifyBackIconPatientProfilePage" time="11.044"/>
  <system-out/>
</testsuite> <!-- com.dentscribe.testCases.TestSoapReportAndPatientProfilePage -->
