<?xml version="1.0" encoding="UTF-8"?>
<!-- Generated by org.testng.reporters.JUnitReportReporter -->
<testsuite hostname="LAP-0301" failures="0" tests="4" name="com.dentscribe.testCases.TestTourPages" time="45.182" errors="0" timestamp="2023-12-26T13:21:04 IST" skipped="0">
  <testcase classname="com.dentscribe.testCases.TestTourPages" name="verifyIsTourPageExists" time="20.785"/>
  <system-out/>
  <testcase classname="com.dentscribe.testCases.TestTourPages" name="verifyNextButtonFromFirstToLastTourPage" time="6.965"/>
  <system-out/>
  <testcase classname="com.dentscribe.testCases.TestTourPages" name="verifyBackButtonFromLastToFirstTourPage" time="6.138"/>
  <system-out/>
  <testcase classname="com.dentscribe.testCases.TestTourPages" name="verifyNextButtonOfPatientDatabaseTourPage" time="11.294"/>
  <system-out/>
</testsuite> <!-- com.dentscribe.testCases.TestTourPages -->
