<?xml version="1.0" encoding="UTF-8"?>
<!-- Generated by org.testng.reporters.JUnitReportReporter -->
<testsuite hostname="LAP-0301" failures="0" tests="8" name="com.dentscribe.testCases.DS_026_027_029_CalendarAndRecordingTest_with10mints" time="49.351" errors="1" timestamp="2023-12-01T16:12:54 IST" skipped="6">
  <testcase classname="com.dentscribe.testCases.DS_026_027_029_CalendarAndRecordingTest_with10mints" name="verifyCalendarViewPage" time="26.312"/>
  <system-out/>
  <testcase classname="com.dentscribe.testCases.DS_026_027_029_CalendarAndRecordingTest_with10mints" name="verifySelectAppointmentDateAndStartRecording" time="23.038">
    <error message="Expected condition failed: waiting for visibility of element located by By.xpath: //android.widget.TextView[@resouce-id=&#039;calendar-display.header.title&#039;][@text=&#039;December 2023&#039;] (tried for 20 second(s) with 500 milliseconds interval)
Build info: version: &#039;4.13.0&#039;, revision: &#039;ba948ece5b*&#039;
System info: os.name: &#039;Windows 11&#039;, os.arch: &#039;amd64&#039;, os.version: &#039;10.0&#039;, java.version: &#039;17.0.4.1&#039;
Driver info: io.appium.java_client.android.AndroidDriver
Capabilities {appium:appActivity: com.dentscribe.dev.MainActi..., appium:appPackage: com.dentscribe.dev, appium:automationName: UIAutomator2, appium:databaseEnabled: false, appium:desired: {appActivity: com.dentscribe.dev.MainActi..., appPackage: com.dentscribe.dev, automationName: UIAutomator2, deviceName: 47544c4538573398, platformName: ANDROID}, appium:deviceApiLevel: 29, appium:deviceManufacturer: samsung, appium:deviceModel: SM-G960U, appium:deviceName: 47544c4538573398, appium:deviceScreenDensity: 450, appium:deviceScreenSize: 1080x2220, appium:deviceUDID: 47544c4538573398, appium:javascriptEnabled: true, appium:locationContextEnabled: false, appium:networkConnectionEnabled: true, appium:pixelRatio: 2.8125, appium:platformVersion: 10, appium:statBarHeight: 68, appium:takesScreenshot: true, appium:viewportRect: {height: 2017, left: 0, top: 68, width: 1080}, appium:warnings: {}, appium:webStorageEnabled: false, platformName: ANDROID}
Session ID: fbf8f23f-78f2-4365-b556-69b17eac8cbb" type="org.openqa.selenium.TimeoutException">
      <![CDATA[org.openqa.selenium.TimeoutException: Expected condition failed: waiting for visibility of element located by By.xpath: //android.widget.TextView[@resouce-id='calendar-display.header.title'][@text='December 2023'] (tried for 20 second(s) with 500 milliseconds interval)
Build info: version: '4.13.0', revision: 'ba948ece5b*'
System info: os.name: 'Windows 11', os.arch: 'amd64', os.version: '10.0', java.version: '17.0.4.1'
Driver info: io.appium.java_client.android.AndroidDriver
Capabilities {appium:appActivity: com.dentscribe.dev.MainActi..., appium:appPackage: com.dentscribe.dev, appium:automationName: UIAutomator2, appium:databaseEnabled: false, appium:desired: {appActivity: com.dentscribe.dev.MainActi..., appPackage: com.dentscribe.dev, automationName: UIAutomator2, deviceName: 47544c4538573398, platformName: ANDROID}, appium:deviceApiLevel: 29, appium:deviceManufacturer: samsung, appium:deviceModel: SM-G960U, appium:deviceName: 47544c4538573398, appium:deviceScreenDensity: 450, appium:deviceScreenSize: 1080x2220, appium:deviceUDID: 47544c4538573398, appium:javascriptEnabled: true, appium:locationContextEnabled: false, appium:networkConnectionEnabled: true, appium:pixelRatio: 2.8125, appium:platformVersion: 10, appium:statBarHeight: 68, appium:takesScreenshot: true, appium:viewportRect: {height: 2017, left: 0, top: 68, width: 1080}, appium:warnings: {}, appium:webStorageEnabled: false, platformName: ANDROID}
Session ID: fbf8f23f-78f2-4365-b556-69b17eac8cbb
at org.openqa.selenium.support.ui.WebDriverWait.timeoutException(WebDriverWait.java:84)
at org.openqa.selenium.support.ui.FluentWait.until(FluentWait.java:230)
at com.dentscribe.pages.CalendarPage.selectAppointmentsDate(CalendarPage.java:112)
at com.dentscribe.testCases.DS_026_027_029_CalendarAndRecordingTest_with10mints.verifySelectAppointmentDateAndStartRecording(DS_026_027_029_CalendarAndRecordingTest_with10mints.java:36)
at java.base/jdk.internal.reflect.NativeMethodAccessorImpl.invoke0(Native Method)
at java.base/jdk.internal.reflect.NativeMethodAccessorImpl.invoke(NativeMethodAccessorImpl.java:77)
at java.base/jdk.internal.reflect.DelegatingMethodAccessorImpl.invoke(DelegatingMethodAccessorImpl.java:43)
at java.base/java.lang.reflect.Method.invoke(Method.java:568)
at org.testng.internal.MethodInvocationHelper.invokeMethod(MethodInvocationHelper.java:133)
at org.testng.internal.TestInvoker.invokeMethod(TestInvoker.java:598)
at org.testng.internal.TestInvoker.invokeTestMethod(TestInvoker.java:173)
at org.testng.internal.MethodRunner.runInSequence(MethodRunner.java:46)
at org.testng.internal.TestInvoker$MethodInvocationAgent.invoke(TestInvoker.java:824)
at org.testng.internal.TestInvoker.invokeTestMethods(TestInvoker.java:146)
at org.testng.internal.TestMethodWorker.invokeTestMethods(TestMethodWorker.java:146)
at org.testng.internal.TestMethodWorker.run(TestMethodWorker.java:128)
at java.base/java.util.ArrayList.forEach(ArrayList.java:1511)
at org.testng.TestRunner.privateRun(TestRunner.java:794)
at org.testng.TestRunner.run(TestRunner.java:596)
at org.testng.SuiteRunner.runTest(SuiteRunner.java:377)
at org.testng.SuiteRunner.runSequentially(SuiteRunner.java:371)
at org.testng.SuiteRunner.privateRun(SuiteRunner.java:332)
at org.testng.SuiteRunner.run(SuiteRunner.java:276)
at org.testng.SuiteRunnerWorker.runSuite(SuiteRunnerWorker.java:53)
at org.testng.SuiteRunnerWorker.run(SuiteRunnerWorker.java:96)
at org.testng.TestNG.runSuitesSequentially(TestNG.java:1212)
at org.testng.TestNG.runSuitesLocally(TestNG.java:1134)
at org.testng.TestNG.runSuites(TestNG.java:1063)
at org.testng.TestNG.run(TestNG.java:1031)
at org.testng.remote.AbstractRemoteTestNG.run(AbstractRemoteTestNG.java:115)
at org.testng.remote.RemoteTestNG.initAndRun(RemoteTestNG.java:251)
at org.testng.remote.RemoteTestNG.main(RemoteTestNG.java:77)
]]>
    </error>
  </testcase> <!-- verifySelectAppointmentDateAndStartRecording -->
  <system-out/>
  <testcase classname="com.dentscribe.testCases.DS_026_027_029_CalendarAndRecordingTest_with10mints" name="validateAndVerifyRecordingScreen" time="0.001">
    <skipped/>
  </testcase> <!-- validateAndVerifyRecordingScreen -->
  <system-out/>
  <testcase classname="com.dentscribe.testCases.DS_026_027_029_CalendarAndRecordingTest_with10mints" name="verifyBackIconRecordingScreen" time="0.000">
    <skipped/>
  </testcase> <!-- verifyBackIconRecordingScreen -->
  <system-out/>
  <testcase classname="com.dentscribe.testCases.DS_026_027_029_CalendarAndRecordingTest_with10mints" name="verifyIsAppointmentStatusContinueOnRecordingScreenBackIconClick" time="0.000">
    <skipped/>
  </testcase> <!-- verifyIsAppointmentStatusContinueOnRecordingScreenBackIconClick -->
  <system-out/>
  <testcase classname="com.dentscribe.testCases.DS_026_027_029_CalendarAndRecordingTest_with10mints" name="verifyIsAppointmentStatusContinueOnRecordingScreenPauseButtonClick" time="0.000">
    <skipped/>
  </testcase> <!-- verifyIsAppointmentStatusContinueOnRecordingScreenPauseButtonClick -->
  <system-out/>
  <testcase classname="com.dentscribe.testCases.DS_026_027_029_CalendarAndRecordingTest_with10mints" name="verifyIsAppointmentStatusReviewOnRecordingScreenStopButtonClick" time="0.000">
    <skipped/>
  </testcase> <!-- verifyIsAppointmentStatusReviewOnRecordingScreenStopButtonClick -->
  <system-out/>
  <testcase classname="com.dentscribe.testCases.DS_026_027_029_CalendarAndRecordingTest_with10mints" name="verifyIsAppointmentStatusReviewedAfterSoapReportSubmitButtonClick" time="0.000">
    <skipped/>
  </testcase> <!-- verifyIsAppointmentStatusReviewedAfterSoapReportSubmitButtonClick -->
  <system-out/>
</testsuite> <!-- com.dentscribe.testCases.DS_026_027_029_CalendarAndRecordingTest_with10mints -->
