<?xml version="1.0" encoding="UTF-8"?>
<!-- Generated by org.testng.reporters.JUnitReportReporter -->
<testsuite hostname="LAP-0143" failures="0" tests="1" name="com.dentscribe.testCases.DS_004_SignupSmsVerificationPageTest" time="115.678" errors="0" timestamp="2023-11-04T21:33:15 IST" skipped="0">
  <testcase classname="com.dentscribe.testCases.DS_004_SignupSmsVerificationPageTest" name="validateSMSscreenTest" time="115.678"/>
  <system-out/>
</testsuite> <!-- com.dentscribe.testCases.DS_004_SignupSmsVerificationPageTest -->
