<?xml version="1.0" encoding="UTF-8"?>
<!-- Generated by org.testng.reporters.JUnitReportReporter -->
<testsuite hostname="LAP-0301" failures="0" tests="4" name="com.dentscribe.testCases.TestTourPages" time="41.632" errors="0" timestamp="2024-01-04T19:32:46 IST" skipped="0">
  <testcase classname="com.dentscribe.testCases.TestTourPages" name="verifyIsTourPageExists" time="18.353"/>
  <system-out/>
  <testcase classname="com.dentscribe.testCases.TestTourPages" name="verifyNextButtonFromFirstToLastTourPage" time="6.318"/>
  <system-out/>
  <testcase classname="com.dentscribe.testCases.TestTourPages" name="verifyBackButtonFromLastToFirstTourPage" time="6.043"/>
  <system-out/>
  <testcase classname="com.dentscribe.testCases.TestTourPages" name="verifyNextButtonOfPatientDatabaseTourPage" time="10.918"/>
  <system-out/>
</testsuite> <!-- com.dentscribe.testCases.TestTourPages -->
